# JRE version: Java(TM) SE Runtime Environment (8.0_66-b17) (build 1.8.0_66-b17)
# Java VM: Java HotSpot(TM) Client VM (25.66-b17 mixed mode windows-x86 )
Heap:
 def new generation   total 39424K, used 6006K [0x05400000, 0x07ec0000, 0x0fea0000)
  eden space 35072K,  12% used [0x05400000, 0x05872440, 0x07640000)
  from space 4352K,  33% used [0x07640000, 0x077ab5c0, 0x07a80000)
  to   space 4352K,   0% used [0x07a80000, 0x07a80000, 0x07ec0000)
 tenured generation   total 87424K, used 24241K [0x0fea0000, 0x15400000, 0x25400000)
   the space 87424K,  27% used [0x0fea0000, 0x1164c5f0, 0x1164c600, 0x15400000)
 Metaspace       used 18385K, capacity 18830K, committed 18944K, reserved 19840K
GC Heap History (10 events):
Event: 80.155 GC heap before
{Heap before GC invocations=4 (full 1):
 def new generation   total 39424K, used 39424K [0x05400000, 0x07ec0000, 0x0fea0000)
  eden space 35072K, 100% used [0x05400000, 0x07640000, 0x07640000)
  from space 4352K, 100% used [0x07a80000, 0x07ec0000, 0x07ec0000)
  to   space 4352K,   0% used [0x07640000, 0x07640000, 0x07a80000)
 tenured generation   total 87424K, used 14264K [0x0fea0000, 0x15400000, 0x25400000)
   the space 87424K,  16% used [0x0fea0000, 0x10c8e390, 0x10c8e400, 0x15400000)
 Metaspace       used 18105K, capacity 18514K, committed 18560K, reserved 18816K
Event: 80.206 GC heap after
Heap after GC invocations=5 (full 1):
 def new generation   total 39424K, used 4352K [0x05400000, 0x07ec0000, 0x0fea0000)
  eden space 35072K,   0% used [0x05400000, 0x05400000, 0x07640000)
  from space 4352K, 100% used [0x07640000, 0x07a80000, 0x07a80000)
  to   space 4352K,   0% used [0x07a80000, 0x07a80000, 0x07ec0000)
 tenured generation   total 87424K, used 20954K [0x0fea0000, 0x15400000, 0x25400000)
   the space 87424K,  23% used [0x0fea0000, 0x11316b70, 0x11316c00, 0x15400000)
 Metaspace       used 18105K, capacity 18514K, committed 18560K, reserved 18816K
}
Event: 263.528 GC heap before
{Heap before GC invocations=5 (full 1):
 def new generation   total 39424K, used 39424K [0x05400000, 0x07ec0000, 0x0fea0000)
  eden space 35072K, 100% used [0x05400000, 0x07640000, 0x07640000)
  from space 4352K, 100% used [0x07640000, 0x07a80000, 0x07a80000)
  to   space 4352K,   0% used [0x07a80000, 0x07a80000, 0x07ec0000)
 tenured generation   total 87424K, used 20954K [0x0fea0000, 0x15400000, 0x25400000)
   the space 87424K,  23% used [0x0fea0000, 0x11316b70, 0x11316c00, 0x15400000)
 Metaspace       used 18136K, capacity 18546K, committed 18560K, reserved 18816K
Event: 263.563 GC heap after
Heap after GC invocations=6 (full 1):
 def new generation   total 39424K, used 611K [0x05400000, 0x07ec0000, 0x0fea0000)
  eden space 35072K,   0% used [0x05400000, 0x05400000, 0x07640000)
  from space 4352K,  14% used [0x07a80000, 0x07b18d28, 0x07ec0000)
  to   space 4352K,   0% used [0x07640000, 0x07640000, 0x07a80000)
 tenured generation   total 87424K, used 24241K [0x0fea0000, 0x15400000, 0x25400000)
   the space 87424K,  27% used [0x0fea0000, 0x1164c5f0, 0x1164c600, 0x15400000)
 Metaspace       used 18136K, capacity 18546K, committed 18560K, reserved 18816K
}
Event: 517.904 GC heap before
{Heap before GC invocations=6 (full 1):
 def new generation   total 39424K, used 35683K [0x05400000, 0x07ec0000, 0x0fea0000)
  eden space 35072K, 100% used [0x05400000, 0x07640000, 0x07640000)
  from space 4352K,  14% used [0x07a80000, 0x07b18d28, 0x07ec0000)
  to   space 4352K,   0% used [0x07640000, 0x07640000, 0x07a80000)
 tenured generation   total 87424K, used 24241K [0x0fea0000, 0x15400000, 0x25400000)
   the space 87424K,  27% used [0x0fea0000, 0x1164c5f0, 0x1164c600, 0x15400000)
 Metaspace       used 18136K, capacity 18546K, committed 18560K, reserved 18816K
Event: 517.912 GC heap after
Heap after GC invocations=7 (full 1):
 def new generation   total 39424K, used 567K [0x05400000, 0x07ec0000, 0x0fea0000)
  eden space 35072K,   0% used [0x05400000, 0x05400000, 0x07640000)
  from space 4352K,  13% used [0x07640000, 0x076cdf88, 0x07a80000)
  to   space 4352K,   0% used [0x07a80000, 0x07a80000, 0x07ec0000)
 tenured generation   total 87424K, used 24241K [0x0fea0000, 0x15400000, 0x25400000)
   the space 87424K,  27% used [0x0fea0000, 0x1164c5f0, 0x1164c600, 0x15400000)
 Metaspace       used 18136K, capacity 18546K, committed 18560K, reserved 18816K
}
Event: 749.761 GC heap before
{Heap before GC invocations=7 (full 1):
 def new generation   total 39424K, used 35639K [0x05400000, 0x07ec0000, 0x0fea0000)
  eden space 35072K, 100% used [0x05400000, 0x07640000, 0x07640000)
  from space 4352K,  13% used [0x07640000, 0x076cdf88, 0x07a80000)
  to   space 4352K,   0% used [0x07a80000, 0x07a80000, 0x07ec0000)
 tenured generation   total 87424K, used 24241K [0x0fea0000, 0x15400000, 0x25400000)
   the space 87424K,  27% used [0x0fea0000, 0x1164c5f0, 0x1164c600, 0x15400000)
 Metaspace       used 18139K, capacity 18546K, committed 18560K, reserved 18816K
Event: 749.770 GC heap after
Heap after GC invocations=8 (full 1):
 def new generation   total 39424K, used 647K [0x05400000, 0x07ec0000, 0x0fea0000)
  eden space 35072K,   0% used [0x05400000, 0x05400000, 0x07640000)
  from space 4352K,  14% used [0x07a80000, 0x07b21db8, 0x07ec0000)
  to   space 4352K,   0% used [0x07640000, 0x07640000, 0x07a80000)
 tenured generation   total 87424K, used 24241K [0x0fea0000, 0x15400000, 0x25400000)
   the space 87424K,  27% used [0x0fea0000, 0x1164c5f0, 0x1164c600, 0x15400000)
 Metaspace       used 18139K, capacity 18546K, committed 18560K, reserved 18816K
}
Event: 876.945 GC heap before
{Heap before GC invocations=8 (full 1):
 def new generation   total 39424K, used 35719K [0x05400000, 0x07ec0000, 0x0fea0000)
  eden space 35072K, 100% used [0x05400000, 0x07640000, 0x07640000)
  from space 4352K,  14% used [0x07a80000, 0x07b21db8, 0x07ec0000)
  to   space 4352K,   0% used [0x07640000, 0x07640000, 0x07a80000)
 tenured generation   total 87424K, used 24241K [0x0fea0000, 0x15400000, 0x25400000)
   the space 87424K,  27% used [0x0fea0000, 0x1164c5f0, 0x1164c600, 0x15400000)
 Metaspace       used 18385K, capacity 18830K, committed 18944K, reserved 19840K
Event: 876.960 GC heap after
Heap after GC invocations=9 (full 1):
 def new generation   total 39424K, used 1453K [0x05400000, 0x07ec0000, 0x0fea0000)
  eden space 35072K,   0% used [0x05400000, 0x05400000, 0x07640000)
  from space 4352K,  33% used [0x07640000, 0x077ab5c0, 0x07a80000)
  to   space 4352K,   0% used [0x07a80000, 0x07a80000, 0x07ec0000)
 tenured generation   total 87424K, used 24241K [0x0fea0000, 0x15400000, 0x25400000)
   the space 87424K,  27% used [0x0fea0000, 0x1164c5f0, 0x1164c600, 0x15400000)
 Metaspace       used 18385K, capacity 18830K, committed 18944K, reserved 19840K
}

